{
"c:\\Users\\rickzx98\\OneDrive\\WebstormProjects\\build1\\dist\\public\\fsd-app\\fsd-map\\fsd-sidebar\\fsd-donor-form\\fsd-donor-form.component.js":{"path":"c:\\Users\\rickzx98\\OneDrive\\WebstormProjects\\build1\\dist\\public\\fsd-app\\fsd-map\\fsd-sidebar\\fsd-donor-form\\fsd-donor-form.component.js","s":{"1":1,"2":2,"3":2,"4":0,"5":2,"6":4,"7":4,"8":2,"9":1,"10":2,"11":2,"12":1,"13":1,"14":1,"15":0,"16":0,"17":1,"18":0,"19":0,"20":0,"21":1,"22":0,"23":1,"24":0,"25":0,"26":0,"27":0,"28":0,"29":0,"30":0,"31":0,"32":0,"33":0,"34":0,"35":0,"36":0,"37":0,"38":0,"39":1,"40":1,"41":1,"42":1,"43":1,"44":1,"45":1,"46":1,"47":1,"48":1,"49":1,"50":1,"51":0,"52":1,"53":0,"54":1,"55":1,"56":0,"57":1,"58":1,"59":1,"60":1,"61":1,"62":1,"63":1,"64":1,"65":6,"66":6,"67":6,"68":6,"69":6,"70":1,"71":0,"72":1,"73":0,"74":1,"75":0,"76":1,"77":0,"78":0,"79":0,"80":1,"81":0,"82":1,"83":1,"84":1,"85":1,"86":1,"87":1,"88":1,"89":1},"b":{"1":[1,1,1],"2":[1,1],"3":[0,1],"4":[0,2],"5":[2,2],"6":[4,0],"7":[4,3],"8":[2,2],"9":[2,0],"10":[2,1,0],"11":[1,1,1],"12":[2,0],"13":[2,2],"14":[0,0],"15":[0,0]},"f":{"1":2,"2":2,"3":1,"4":0,"5":0,"6":0,"7":0,"8":0,"9":1,"10":1,"11":0,"12":0,"13":0,"14":1,"15":1,"16":1,"17":6,"18":0,"19":0,"20":0,"21":0,"22":0,"23":1,"24":1},"fnMap":{"1":{"name":"(anonymous_1)","line":2,"loc":{"start":{"line":2,"column":46},"end":{"line":2,"column":87}}},"2":{"name":"(anonymous_2)","line":8,"loc":{"start":{"line":8,"column":46},"end":{"line":8,"column":62}}},"3":{"name":"(anonymous_3)","line":12,"loc":{"start":{"line":12,"column":29},"end":{"line":12,"column":41}}},"4":{"name":"FsdDonorFormComponent","line":13,"loc":{"start":{"line":13,"column":4},"end":{"line":13,"column":37}}},"5":{"name":"(anonymous_5)","line":17,"loc":{"start":{"line":17,"column":47},"end":{"line":17,"column":59}}},"6":{"name":"(anonymous_6)","line":19,"loc":{"start":{"line":19,"column":19},"end":{"line":19,"column":31}}},"7":{"name":"(anonymous_7)","line":21,"loc":{"start":{"line":21,"column":47},"end":{"line":21,"column":59}}},"8":{"name":"(anonymous_8)","line":24,"loc":{"start":{"line":24,"column":67},"end":{"line":24,"column":79}}},"9":{"name":"(anonymous_9)","line":54,"loc":{"start":{"line":54,"column":20},"end":{"line":54,"column":32}}},"10":{"name":"FsdDonorImpl","line":55,"loc":{"start":{"line":55,"column":4},"end":{"line":55,"column":28}}},"11":{"name":"(anonymous_11)","line":61,"loc":{"start":{"line":61,"column":94},"end":{"line":61,"column":111}}},"12":{"name":"(anonymous_12)","line":64,"loc":{"start":{"line":64,"column":105},"end":{"line":64,"column":122}}},"13":{"name":"(anonymous_13)","line":69,"loc":{"start":{"line":69,"column":33},"end":{"line":69,"column":45}}},"14":{"name":"(anonymous_14)","line":82,"loc":{"start":{"line":82,"column":24},"end":{"line":82,"column":36}}},"15":{"name":"FsdDonorLocation","line":83,"loc":{"start":{"line":83,"column":4},"end":{"line":83,"column":32}}},"16":{"name":"(anonymous_16)","line":88,"loc":{"start":{"line":88,"column":17},"end":{"line":88,"column":29}}},"17":{"name":"FormModel","line":89,"loc":{"start":{"line":89,"column":4},"end":{"line":89,"column":69}}},"18":{"name":"(anonymous_18)","line":96,"loc":{"start":{"line":96,"column":38},"end":{"line":96,"column":50}}},"19":{"name":"(anonymous_19)","line":99,"loc":{"start":{"line":99,"column":37},"end":{"line":99,"column":49}}},"20":{"name":"(anonymous_20)","line":102,"loc":{"start":{"line":102,"column":34},"end":{"line":102,"column":46}}},"21":{"name":"(anonymous_21)","line":105,"loc":{"start":{"line":105,"column":35},"end":{"line":105,"column":47}}},"22":{"name":"(anonymous_22)","line":113,"loc":{"start":{"line":113,"column":43},"end":{"line":113,"column":55}}},"23":{"name":"(anonymous_23)","line":119,"loc":{"start":{"line":119,"column":13},"end":{"line":119,"column":25}}},"24":{"name":"Regex","line":120,"loc":{"start":{"line":120,"column":4},"end":{"line":120,"column":21}}}},"statementMap":{"1":{"start":{"line":2,"column":0},"end":{"line":7,"column":2}},"2":{"start":{"line":3,"column":4},"end":{"line":3,"column":129}},"3":{"start":{"line":4,"column":4},"end":{"line":5,"column":150}},"4":{"start":{"line":4,"column":79},"end":{"line":4,"column":131}},"5":{"start":{"line":5,"column":9},"end":{"line":5,"column":150}},"6":{"start":{"line":5,"column":58},"end":{"line":5,"column":150}},"7":{"start":{"line":5,"column":81},"end":{"line":5,"column":150}},"8":{"start":{"line":6,"column":4},"end":{"line":6,"column":66}},"9":{"start":{"line":8,"column":0},"end":{"line":10,"column":2}},"10":{"start":{"line":9,"column":4},"end":{"line":9,"column":109}},"11":{"start":{"line":9,"column":79},"end":{"line":9,"column":109}},"12":{"start":{"line":11,"column":0},"end":{"line":11,"column":38}},"13":{"start":{"line":12,"column":0},"end":{"line":52,"column":5}},"14":{"start":{"line":13,"column":4},"end":{"line":16,"column":5}},"15":{"start":{"line":14,"column":8},"end":{"line":14,"column":40}},"16":{"start":{"line":15,"column":8},"end":{"line":15,"column":28}},"17":{"start":{"line":17,"column":4},"end":{"line":20,"column":6}},"18":{"start":{"line":18,"column":8},"end":{"line":18,"column":25}},"19":{"start":{"line":19,"column":8},"end":{"line":19,"column":60}},"20":{"start":{"line":19,"column":33},"end":{"line":19,"column":53}},"21":{"start":{"line":21,"column":4},"end":{"line":23,"column":6}},"22":{"start":{"line":22,"column":8},"end":{"line":22,"column":45}},"23":{"start":{"line":24,"column":4},"end":{"line":40,"column":6}},"24":{"start":{"line":25,"column":8},"end":{"line":25,"column":51}},"25":{"start":{"line":26,"column":8},"end":{"line":26,"column":45}},"26":{"start":{"line":27,"column":8},"end":{"line":27,"column":37}},"27":{"start":{"line":28,"column":8},"end":{"line":28,"column":37}},"28":{"start":{"line":29,"column":8},"end":{"line":29,"column":37}},"29":{"start":{"line":30,"column":8},"end":{"line":30,"column":43}},"30":{"start":{"line":31,"column":8},"end":{"line":31,"column":43}},"31":{"start":{"line":32,"column":8},"end":{"line":32,"column":51}},"32":{"start":{"line":33,"column":8},"end":{"line":33,"column":53}},"33":{"start":{"line":34,"column":8},"end":{"line":34,"column":37}},"34":{"start":{"line":35,"column":8},"end":{"line":35,"column":81}},"35":{"start":{"line":36,"column":8},"end":{"line":36,"column":69}},"36":{"start":{"line":37,"column":8},"end":{"line":37,"column":77}},"37":{"start":{"line":38,"column":8},"end":{"line":38,"column":75}},"38":{"start":{"line":39,"column":8},"end":{"line":39,"column":63}},"39":{"start":{"line":41,"column":4},"end":{"line":44,"column":59}},"40":{"start":{"line":45,"column":4},"end":{"line":50,"column":30}},"41":{"start":{"line":51,"column":4},"end":{"line":51,"column":33}},"42":{"start":{"line":53,"column":0},"end":{"line":53,"column":54}},"43":{"start":{"line":54,"column":0},"end":{"line":80,"column":5}},"44":{"start":{"line":55,"column":4},"end":{"line":68,"column":5}},"45":{"start":{"line":56,"column":8},"end":{"line":56,"column":25}},"46":{"start":{"line":57,"column":8},"end":{"line":57,"column":33}},"47":{"start":{"line":58,"column":8},"end":{"line":58,"column":71}},"48":{"start":{"line":59,"column":8},"end":{"line":59,"column":69}},"49":{"start":{"line":60,"column":8},"end":{"line":60,"column":66}},"50":{"start":{"line":61,"column":8},"end":{"line":63,"column":11}},"51":{"start":{"line":62,"column":12},"end":{"line":62,"column":51}},"52":{"start":{"line":64,"column":8},"end":{"line":66,"column":11}},"53":{"start":{"line":65,"column":12},"end":{"line":65,"column":53}},"54":{"start":{"line":67,"column":8},"end":{"line":67,"column":73}},"55":{"start":{"line":69,"column":4},"end":{"line":78,"column":6}},"56":{"start":{"line":70,"column":8},"end":{"line":77,"column":10}},"57":{"start":{"line":79,"column":4},"end":{"line":79,"column":24}},"58":{"start":{"line":81,"column":0},"end":{"line":81,"column":36}},"59":{"start":{"line":82,"column":0},"end":{"line":86,"column":5}},"60":{"start":{"line":83,"column":4},"end":{"line":84,"column":5}},"61":{"start":{"line":85,"column":4},"end":{"line":85,"column":28}},"62":{"start":{"line":87,"column":0},"end":{"line":87,"column":44}},"63":{"start":{"line":88,"column":0},"end":{"line":117,"column":5}},"64":{"start":{"line":89,"column":4},"end":{"line":95,"column":5}},"65":{"start":{"line":90,"column":8},"end":{"line":90,"column":33}},"66":{"start":{"line":91,"column":8},"end":{"line":91,"column":33}},"67":{"start":{"line":92,"column":8},"end":{"line":92,"column":43}},"68":{"start":{"line":93,"column":8},"end":{"line":93,"column":35}},"69":{"start":{"line":94,"column":8},"end":{"line":94,"column":26}},"70":{"start":{"line":96,"column":4},"end":{"line":98,"column":6}},"71":{"start":{"line":97,"column":8},"end":{"line":97,"column":29}},"72":{"start":{"line":99,"column":4},"end":{"line":101,"column":6}},"73":{"start":{"line":100,"column":8},"end":{"line":100,"column":31}},"74":{"start":{"line":102,"column":4},"end":{"line":104,"column":6}},"75":{"start":{"line":103,"column":8},"end":{"line":103,"column":26}},"76":{"start":{"line":105,"column":4},"end":{"line":112,"column":6}},"77":{"start":{"line":106,"column":8},"end":{"line":111,"column":9}},"78":{"start":{"line":107,"column":12},"end":{"line":107,"column":52}},"79":{"start":{"line":110,"column":12},"end":{"line":110,"column":30}},"80":{"start":{"line":113,"column":4},"end":{"line":115,"column":6}},"81":{"start":{"line":114,"column":8},"end":{"line":114,"column":34}},"82":{"start":{"line":116,"column":4},"end":{"line":116,"column":21}},"83":{"start":{"line":118,"column":0},"end":{"line":118,"column":30}},"84":{"start":{"line":119,"column":0},"end":{"line":125,"column":5}},"85":{"start":{"line":120,"column":4},"end":{"line":123,"column":5}},"86":{"start":{"line":121,"column":8},"end":{"line":121,"column":278}},"87":{"start":{"line":122,"column":8},"end":{"line":122,"column":85}},"88":{"start":{"line":124,"column":4},"end":{"line":124,"column":17}},"89":{"start":{"line":126,"column":0},"end":{"line":126,"column":22}}},"branchMap":{"1":{"line":2,"type":"binary-expr","locations":[{"start":{"line":2,"column":18},"end":{"line":2,"column":22}},{"start":{"line":2,"column":26},"end":{"line":2,"column":41}},{"start":{"line":2,"column":46},"end":{"line":7,"column":1}}]},"2":{"line":3,"type":"cond-expr","locations":[{"start":{"line":3,"column":42},"end":{"line":3,"column":48}},{"start":{"line":3,"column":51},"end":{"line":3,"column":125}}]},"3":{"line":3,"type":"cond-expr","locations":[{"start":{"line":3,"column":67},"end":{"line":3,"column":118}},{"start":{"line":3,"column":121},"end":{"line":3,"column":125}}]},"4":{"line":4,"type":"if","locations":[{"start":{"line":4,"column":4},"end":{"line":4,"column":4}},{"start":{"line":4,"column":4},"end":{"line":4,"column":4}}]},"5":{"line":4,"type":"binary-expr","locations":[{"start":{"line":4,"column":8},"end":{"line":4,"column":35}},{"start":{"line":4,"column":39},"end":{"line":4,"column":77}}]},"6":{"line":5,"type":"if","locations":[{"start":{"line":5,"column":58},"end":{"line":5,"column":58}},{"start":{"line":5,"column":58},"end":{"line":5,"column":58}}]},"7":{"line":5,"type":"binary-expr","locations":[{"start":{"line":5,"column":86},"end":{"line":5,"column":143}},{"start":{"line":5,"column":148},"end":{"line":5,"column":149}}]},"8":{"line":5,"type":"cond-expr","locations":[{"start":{"line":5,"column":94},"end":{"line":5,"column":98}},{"start":{"line":5,"column":101},"end":{"line":5,"column":143}}]},"9":{"line":5,"type":"cond-expr","locations":[{"start":{"line":5,"column":109},"end":{"line":5,"column":126}},{"start":{"line":5,"column":129},"end":{"line":5,"column":143}}]},"10":{"line":6,"type":"binary-expr","locations":[{"start":{"line":6,"column":11},"end":{"line":6,"column":16}},{"start":{"line":6,"column":20},"end":{"line":6,"column":21}},{"start":{"line":6,"column":25},"end":{"line":6,"column":62}}]},"11":{"line":8,"type":"binary-expr","locations":[{"start":{"line":8,"column":18},"end":{"line":8,"column":22}},{"start":{"line":8,"column":26},"end":{"line":8,"column":41}},{"start":{"line":8,"column":46},"end":{"line":10,"column":1}}]},"12":{"line":9,"type":"if","locations":[{"start":{"line":9,"column":4},"end":{"line":9,"column":4}},{"start":{"line":9,"column":4},"end":{"line":9,"column":4}}]},"13":{"line":9,"type":"binary-expr","locations":[{"start":{"line":9,"column":8},"end":{"line":9,"column":35}},{"start":{"line":9,"column":39},"end":{"line":9,"column":77}}]},"14":{"line":106,"type":"if","locations":[{"start":{"line":106,"column":8},"end":{"line":106,"column":8}},{"start":{"line":106,"column":8},"end":{"line":106,"column":8}}]},"15":{"line":106,"type":"binary-expr","locations":[{"start":{"line":106,"column":12},"end":{"line":106,"column":22}},{"start":{"line":106,"column":26},"end":{"line":106,"column":40}}]}},"l":{"2":1,"3":2,"4":2,"5":4,"6":2,"8":1,"9":2,"11":1,"12":1,"13":1,"14":0,"15":0,"17":1,"18":0,"19":0,"21":1,"22":0,"24":1,"25":0,"26":0,"27":0,"28":0,"29":0,"30":0,"31":0,"32":0,"33":0,"34":0,"35":0,"36":0,"37":0,"38":0,"39":0,"41":1,"45":1,"51":1,"53":1,"54":1,"55":1,"56":1,"57":1,"58":1,"59":1,"60":1,"61":1,"62":0,"64":1,"65":0,"67":1,"69":1,"70":0,"79":1,"81":1,"82":1,"83":1,"85":1,"87":1,"88":1,"89":1,"90":6,"91":6,"92":6,"93":6,"94":6,"96":1,"97":0,"99":1,"100":0,"102":1,"103":0,"105":1,"106":0,"107":0,"110":0,"113":1,"114":0,"116":1,"118":1,"119":1,"120":1,"121":1,"122":1,"124":1,"126":1}}}
