{
"c:\\Users\\rickz_000\\build1\\dist\\public\\fsd-app\\fsd-map\\fsd-sidebar\\fsd-donor-form\\fsd-donor-form.component.js":{"path":"c:\\Users\\rickz_000\\build1\\dist\\public\\fsd-app\\fsd-map\\fsd-sidebar\\fsd-donor-form\\fsd-donor-form.component.js","s":{"1":1,"2":3,"3":3,"4":0,"5":3,"6":6,"7":6,"8":3,"9":1,"10":3,"11":3,"12":1,"13":1,"14":1,"15":1,"16":1,"17":1,"18":1,"19":1,"20":1,"21":1,"22":1,"23":1,"24":1,"25":1,"26":1,"27":1,"28":0,"29":1,"30":1,"31":1,"32":1,"33":1,"34":1,"35":1,"36":1,"37":1,"38":1,"39":1,"40":1,"41":1,"42":1,"43":1,"44":1,"45":1,"46":1,"47":1,"48":1,"49":1,"50":1,"51":1,"52":1,"53":1,"54":1,"55":2,"56":2,"57":2,"58":2,"59":2,"60":2,"61":0,"62":2,"63":0,"64":2,"65":1,"66":1,"67":1,"68":1,"69":1,"70":1,"71":1,"72":1,"73":1,"74":1,"75":12,"76":12,"77":12,"78":12,"79":12,"80":1,"81":0,"82":1,"83":0,"84":1,"85":0,"86":1,"87":0,"88":0,"89":0,"90":1,"91":0,"92":1,"93":1,"94":1,"95":1,"96":2,"97":2,"98":1,"99":1},"b":{"1":[1,1,1],"2":[1,2],"3":[0,2],"4":[0,3],"5":[3,3],"6":[6,0],"7":[6,5],"8":[2,4],"9":[4,0],"10":[3,2,0],"11":[1,1,1],"12":[3,0],"13":[3,3],"14":[0,1],"15":[0,0],"16":[0,0]},"f":{"1":3,"2":3,"3":1,"4":1,"5":1,"6":1,"7":1,"8":1,"9":1,"10":1,"11":1,"12":1,"13":2,"14":0,"15":0,"16":1,"17":1,"18":1,"19":1,"20":12,"21":0,"22":0,"23":0,"24":0,"25":0,"26":1,"27":2},"fnMap":{"1":{"name":"(anonymous_1)","line":1,"loc":{"start":{"line":1,"column":46},"end":{"line":1,"column":87}}},"2":{"name":"(anonymous_2)","line":7,"loc":{"start":{"line":7,"column":46},"end":{"line":7,"column":62}}},"3":{"name":"(anonymous_3)","line":10,"loc":{"start":{"line":10,"column":96},"end":{"line":10,"column":162}}},"4":{"name":"(anonymous_4)","line":12,"loc":{"start":{"line":12,"column":33},"end":{"line":12,"column":45}}},"5":{"name":"FsdDonorFormComponent","line":13,"loc":{"start":{"line":13,"column":8},"end":{"line":13,"column":57}}},"6":{"name":"(anonymous_6)","line":19,"loc":{"start":{"line":19,"column":51},"end":{"line":19,"column":63}}},"7":{"name":"(anonymous_7)","line":21,"loc":{"start":{"line":21,"column":23},"end":{"line":21,"column":35}}},"8":{"name":"(anonymous_8)","line":25,"loc":{"start":{"line":25,"column":51},"end":{"line":25,"column":63}}},"9":{"name":"(anonymous_9)","line":28,"loc":{"start":{"line":28,"column":76},"end":{"line":28,"column":101}}},"10":{"name":"(anonymous_10)","line":37,"loc":{"start":{"line":37,"column":71},"end":{"line":37,"column":83}}},"11":{"name":"(anonymous_11)","line":54,"loc":{"start":{"line":54,"column":67},"end":{"line":54,"column":79}}},"12":{"name":"(anonymous_12)","line":79,"loc":{"start":{"line":79,"column":24},"end":{"line":79,"column":36}}},"13":{"name":"FsdDonorImpl","line":80,"loc":{"start":{"line":80,"column":8},"end":{"line":80,"column":32}}},"14":{"name":"(anonymous_14)","line":86,"loc":{"start":{"line":86,"column":98},"end":{"line":86,"column":115}}},"15":{"name":"(anonymous_15)","line":89,"loc":{"start":{"line":89,"column":109},"end":{"line":89,"column":126}}},"16":{"name":"(anonymous_16)","line":94,"loc":{"start":{"line":94,"column":37},"end":{"line":94,"column":49}}},"17":{"name":"(anonymous_17)","line":107,"loc":{"start":{"line":107,"column":28},"end":{"line":107,"column":40}}},"18":{"name":"FsdDonorLocation","line":108,"loc":{"start":{"line":108,"column":8},"end":{"line":108,"column":36}}},"19":{"name":"(anonymous_19)","line":113,"loc":{"start":{"line":113,"column":21},"end":{"line":113,"column":33}}},"20":{"name":"FormModel","line":114,"loc":{"start":{"line":114,"column":8},"end":{"line":114,"column":73}}},"21":{"name":"(anonymous_21)","line":121,"loc":{"start":{"line":121,"column":42},"end":{"line":121,"column":54}}},"22":{"name":"(anonymous_22)","line":124,"loc":{"start":{"line":124,"column":41},"end":{"line":124,"column":53}}},"23":{"name":"(anonymous_23)","line":127,"loc":{"start":{"line":127,"column":38},"end":{"line":127,"column":50}}},"24":{"name":"(anonymous_24)","line":130,"loc":{"start":{"line":130,"column":39},"end":{"line":130,"column":51}}},"25":{"name":"(anonymous_25)","line":138,"loc":{"start":{"line":138,"column":47},"end":{"line":138,"column":59}}},"26":{"name":"(anonymous_26)","line":144,"loc":{"start":{"line":144,"column":17},"end":{"line":144,"column":29}}},"27":{"name":"Regex","line":145,"loc":{"start":{"line":145,"column":8},"end":{"line":145,"column":25}}}},"statementMap":{"1":{"start":{"line":1,"column":0},"end":{"line":6,"column":2}},"2":{"start":{"line":2,"column":4},"end":{"line":2,"column":129}},"3":{"start":{"line":3,"column":4},"end":{"line":4,"column":150}},"4":{"start":{"line":3,"column":79},"end":{"line":3,"column":131}},"5":{"start":{"line":4,"column":9},"end":{"line":4,"column":150}},"6":{"start":{"line":4,"column":58},"end":{"line":4,"column":150}},"7":{"start":{"line":4,"column":81},"end":{"line":4,"column":150}},"8":{"start":{"line":5,"column":4},"end":{"line":5,"column":66}},"9":{"start":{"line":7,"column":0},"end":{"line":9,"column":2}},"10":{"start":{"line":8,"column":4},"end":{"line":8,"column":109}},"11":{"start":{"line":8,"column":79},"end":{"line":8,"column":109}},"12":{"start":{"line":10,"column":0},"end":{"line":152,"column":3}},"13":{"start":{"line":12,"column":4},"end":{"line":77,"column":9}},"14":{"start":{"line":13,"column":8},"end":{"line":18,"column":9}},"15":{"start":{"line":14,"column":12},"end":{"line":14,"column":53}},"16":{"start":{"line":15,"column":12},"end":{"line":15,"column":53}},"17":{"start":{"line":16,"column":12},"end":{"line":16,"column":44}},"18":{"start":{"line":17,"column":12},"end":{"line":17,"column":32}},"19":{"start":{"line":19,"column":8},"end":{"line":24,"column":10}},"20":{"start":{"line":20,"column":12},"end":{"line":20,"column":29}},"21":{"start":{"line":21,"column":12},"end":{"line":23,"column":18}},"22":{"start":{"line":22,"column":16},"end":{"line":22,"column":36}},"23":{"start":{"line":25,"column":8},"end":{"line":36,"column":10}},"24":{"start":{"line":26,"column":12},"end":{"line":26,"column":29}},"25":{"start":{"line":27,"column":12},"end":{"line":27,"column":48}},"26":{"start":{"line":28,"column":12},"end":{"line":35,"column":15}},"27":{"start":{"line":29,"column":16},"end":{"line":34,"column":17}},"28":{"start":{"line":30,"column":20},"end":{"line":30,"column":38}},"29":{"start":{"line":33,"column":20},"end":{"line":33,"column":49}},"30":{"start":{"line":37,"column":8},"end":{"line":53,"column":10}},"31":{"start":{"line":38,"column":12},"end":{"line":38,"column":56}},"32":{"start":{"line":39,"column":12},"end":{"line":39,"column":49}},"33":{"start":{"line":40,"column":12},"end":{"line":40,"column":46}},"34":{"start":{"line":41,"column":12},"end":{"line":41,"column":46}},"35":{"start":{"line":42,"column":12},"end":{"line":42,"column":46}},"36":{"start":{"line":43,"column":12},"end":{"line":43,"column":52}},"37":{"start":{"line":44,"column":12},"end":{"line":44,"column":52}},"38":{"start":{"line":45,"column":12},"end":{"line":45,"column":60}},"39":{"start":{"line":46,"column":12},"end":{"line":46,"column":62}},"40":{"start":{"line":47,"column":12},"end":{"line":47,"column":46}},"41":{"start":{"line":48,"column":12},"end":{"line":48,"column":90}},"42":{"start":{"line":49,"column":12},"end":{"line":49,"column":78}},"43":{"start":{"line":50,"column":12},"end":{"line":50,"column":86}},"44":{"start":{"line":51,"column":12},"end":{"line":51,"column":84}},"45":{"start":{"line":52,"column":12},"end":{"line":52,"column":72}},"46":{"start":{"line":54,"column":8},"end":{"line":59,"column":10}},"47":{"start":{"line":55,"column":12},"end":{"line":58,"column":14}},"48":{"start":{"line":60,"column":8},"end":{"line":63,"column":63}},"49":{"start":{"line":64,"column":8},"end":{"line":67,"column":63}},"50":{"start":{"line":68,"column":8},"end":{"line":75,"column":34}},"51":{"start":{"line":76,"column":8},"end":{"line":76,"column":37}},"52":{"start":{"line":78,"column":4},"end":{"line":78,"column":58}},"53":{"start":{"line":79,"column":4},"end":{"line":105,"column":9}},"54":{"start":{"line":80,"column":8},"end":{"line":93,"column":9}},"55":{"start":{"line":81,"column":12},"end":{"line":81,"column":29}},"56":{"start":{"line":82,"column":12},"end":{"line":82,"column":37}},"57":{"start":{"line":83,"column":12},"end":{"line":83,"column":75}},"58":{"start":{"line":84,"column":12},"end":{"line":84,"column":73}},"59":{"start":{"line":85,"column":12},"end":{"line":85,"column":70}},"60":{"start":{"line":86,"column":12},"end":{"line":88,"column":15}},"61":{"start":{"line":87,"column":16},"end":{"line":87,"column":55}},"62":{"start":{"line":89,"column":12},"end":{"line":91,"column":15}},"63":{"start":{"line":90,"column":16},"end":{"line":90,"column":57}},"64":{"start":{"line":92,"column":12},"end":{"line":92,"column":77}},"65":{"start":{"line":94,"column":8},"end":{"line":103,"column":10}},"66":{"start":{"line":95,"column":12},"end":{"line":102,"column":14}},"67":{"start":{"line":104,"column":8},"end":{"line":104,"column":28}},"68":{"start":{"line":106,"column":4},"end":{"line":106,"column":40}},"69":{"start":{"line":107,"column":4},"end":{"line":111,"column":9}},"70":{"start":{"line":108,"column":8},"end":{"line":109,"column":9}},"71":{"start":{"line":110,"column":8},"end":{"line":110,"column":32}},"72":{"start":{"line":112,"column":4},"end":{"line":112,"column":48}},"73":{"start":{"line":113,"column":4},"end":{"line":142,"column":9}},"74":{"start":{"line":114,"column":8},"end":{"line":120,"column":9}},"75":{"start":{"line":115,"column":12},"end":{"line":115,"column":37}},"76":{"start":{"line":116,"column":12},"end":{"line":116,"column":37}},"77":{"start":{"line":117,"column":12},"end":{"line":117,"column":47}},"78":{"start":{"line":118,"column":12},"end":{"line":118,"column":39}},"79":{"start":{"line":119,"column":12},"end":{"line":119,"column":30}},"80":{"start":{"line":121,"column":8},"end":{"line":123,"column":10}},"81":{"start":{"line":122,"column":12},"end":{"line":122,"column":33}},"82":{"start":{"line":124,"column":8},"end":{"line":126,"column":10}},"83":{"start":{"line":125,"column":12},"end":{"line":125,"column":35}},"84":{"start":{"line":127,"column":8},"end":{"line":129,"column":10}},"85":{"start":{"line":128,"column":12},"end":{"line":128,"column":30}},"86":{"start":{"line":130,"column":8},"end":{"line":137,"column":10}},"87":{"start":{"line":131,"column":12},"end":{"line":136,"column":13}},"88":{"start":{"line":132,"column":16},"end":{"line":132,"column":56}},"89":{"start":{"line":135,"column":16},"end":{"line":135,"column":34}},"90":{"start":{"line":138,"column":8},"end":{"line":140,"column":10}},"91":{"start":{"line":139,"column":12},"end":{"line":139,"column":38}},"92":{"start":{"line":141,"column":8},"end":{"line":141,"column":25}},"93":{"start":{"line":143,"column":4},"end":{"line":143,"column":34}},"94":{"start":{"line":144,"column":4},"end":{"line":150,"column":9}},"95":{"start":{"line":145,"column":8},"end":{"line":148,"column":9}},"96":{"start":{"line":146,"column":12},"end":{"line":146,"column":282}},"97":{"start":{"line":147,"column":12},"end":{"line":147,"column":89}},"98":{"start":{"line":149,"column":8},"end":{"line":149,"column":21}},"99":{"start":{"line":151,"column":4},"end":{"line":151,"column":26}}},"branchMap":{"1":{"line":1,"type":"binary-expr","locations":[{"start":{"line":1,"column":18},"end":{"line":1,"column":22}},{"start":{"line":1,"column":26},"end":{"line":1,"column":41}},{"start":{"line":1,"column":46},"end":{"line":6,"column":1}}]},"2":{"line":2,"type":"cond-expr","locations":[{"start":{"line":2,"column":42},"end":{"line":2,"column":48}},{"start":{"line":2,"column":51},"end":{"line":2,"column":125}}]},"3":{"line":2,"type":"cond-expr","locations":[{"start":{"line":2,"column":67},"end":{"line":2,"column":118}},{"start":{"line":2,"column":121},"end":{"line":2,"column":125}}]},"4":{"line":3,"type":"if","locations":[{"start":{"line":3,"column":4},"end":{"line":3,"column":4}},{"start":{"line":3,"column":4},"end":{"line":3,"column":4}}]},"5":{"line":3,"type":"binary-expr","locations":[{"start":{"line":3,"column":8},"end":{"line":3,"column":35}},{"start":{"line":3,"column":39},"end":{"line":3,"column":77}}]},"6":{"line":4,"type":"if","locations":[{"start":{"line":4,"column":58},"end":{"line":4,"column":58}},{"start":{"line":4,"column":58},"end":{"line":4,"column":58}}]},"7":{"line":4,"type":"binary-expr","locations":[{"start":{"line":4,"column":86},"end":{"line":4,"column":143}},{"start":{"line":4,"column":148},"end":{"line":4,"column":149}}]},"8":{"line":4,"type":"cond-expr","locations":[{"start":{"line":4,"column":94},"end":{"line":4,"column":98}},{"start":{"line":4,"column":101},"end":{"line":4,"column":143}}]},"9":{"line":4,"type":"cond-expr","locations":[{"start":{"line":4,"column":109},"end":{"line":4,"column":126}},{"start":{"line":4,"column":129},"end":{"line":4,"column":143}}]},"10":{"line":5,"type":"binary-expr","locations":[{"start":{"line":5,"column":11},"end":{"line":5,"column":16}},{"start":{"line":5,"column":20},"end":{"line":5,"column":21}},{"start":{"line":5,"column":25},"end":{"line":5,"column":62}}]},"11":{"line":7,"type":"binary-expr","locations":[{"start":{"line":7,"column":18},"end":{"line":7,"column":22}},{"start":{"line":7,"column":26},"end":{"line":7,"column":41}},{"start":{"line":7,"column":46},"end":{"line":9,"column":1}}]},"12":{"line":8,"type":"if","locations":[{"start":{"line":8,"column":4},"end":{"line":8,"column":4}},{"start":{"line":8,"column":4},"end":{"line":8,"column":4}}]},"13":{"line":8,"type":"binary-expr","locations":[{"start":{"line":8,"column":8},"end":{"line":8,"column":35}},{"start":{"line":8,"column":39},"end":{"line":8,"column":77}}]},"14":{"line":29,"type":"if","locations":[{"start":{"line":29,"column":16},"end":{"line":29,"column":16}},{"start":{"line":29,"column":16},"end":{"line":29,"column":16}}]},"15":{"line":131,"type":"if","locations":[{"start":{"line":131,"column":12},"end":{"line":131,"column":12}},{"start":{"line":131,"column":12},"end":{"line":131,"column":12}}]},"16":{"line":131,"type":"binary-expr","locations":[{"start":{"line":131,"column":16},"end":{"line":131,"column":26}},{"start":{"line":131,"column":30},"end":{"line":131,"column":44}}]}},"l":{"1":1,"2":3,"3":3,"4":6,"5":3,"7":1,"8":3,"10":1,"12":1,"13":1,"14":1,"15":1,"16":1,"17":1,"19":1,"20":1,"21":1,"22":1,"25":1,"26":1,"27":1,"28":1,"29":1,"30":0,"33":1,"37":1,"38":1,"39":1,"40":1,"41":1,"42":1,"43":1,"44":1,"45":1,"46":1,"47":1,"48":1,"49":1,"50":1,"51":1,"52":1,"54":1,"55":1,"60":1,"64":1,"68":1,"76":1,"78":1,"79":1,"80":1,"81":2,"82":2,"83":2,"84":2,"85":2,"86":2,"87":0,"89":2,"90":0,"92":2,"94":1,"95":1,"104":1,"106":1,"107":1,"108":1,"110":1,"112":1,"113":1,"114":1,"115":12,"116":12,"117":12,"118":12,"119":12,"121":1,"122":0,"124":1,"125":0,"127":1,"128":0,"130":1,"131":0,"132":0,"135":0,"138":1,"139":0,"141":1,"143":1,"144":1,"145":1,"146":2,"147":2,"149":1,"151":1}},
"c:\\Users\\rickz_000\\build1\\dist\\public\\fsd-app\\services\\fsd-donor-resource.service.js":{"path":"c:\\Users\\rickz_000\\build1\\dist\\public\\fsd-app\\services\\fsd-donor-resource.service.js","s":{"1":1,"2":1,"3":1,"4":0,"5":1,"6":2,"7":2,"8":1,"9":1,"10":1,"11":1,"12":1,"13":1,"14":1,"15":1,"16":1,"17":1,"18":1,"19":0,"20":1,"21":1,"22":1},"b":{"1":[1,1,1],"2":[1,0],"3":[0,0],"4":[0,1],"5":[1,1],"6":[2,0],"7":[2,1],"8":[2,0],"9":[0,0],"10":[1,0,0],"11":[1,1,1],"12":[1,0],"13":[1,1]},"f":{"1":1,"2":1,"3":1,"4":1,"5":1,"6":1,"7":1,"8":0},"fnMap":{"1":{"name":"(anonymous_1)","line":1,"loc":{"start":{"line":1,"column":46},"end":{"line":1,"column":87}}},"2":{"name":"(anonymous_2)","line":7,"loc":{"start":{"line":7,"column":46},"end":{"line":7,"column":62}}},"3":{"name":"(anonymous_3)","line":10,"loc":{"start":{"line":10,"column":65},"end":{"line":10,"column":109}}},"4":{"name":"(anonymous_4)","line":12,"loc":{"start":{"line":12,"column":35},"end":{"line":12,"column":47}}},"5":{"name":"FsdDonorResourceService","line":13,"loc":{"start":{"line":13,"column":8},"end":{"line":13,"column":47}}},"6":{"name":"(anonymous_6)","line":16,"loc":{"start":{"line":16,"column":53},"end":{"line":16,"column":93}}},"7":{"name":"(anonymous_7)","line":21,"loc":{"start":{"line":21,"column":26},"end":{"line":21,"column":41}}},"8":{"name":"(anonymous_8)","line":21,"loc":{"start":{"line":21,"column":79},"end":{"line":21,"column":94}}}},"statementMap":{"1":{"start":{"line":1,"column":0},"end":{"line":6,"column":2}},"2":{"start":{"line":2,"column":4},"end":{"line":2,"column":129}},"3":{"start":{"line":3,"column":4},"end":{"line":4,"column":150}},"4":{"start":{"line":3,"column":79},"end":{"line":3,"column":131}},"5":{"start":{"line":4,"column":9},"end":{"line":4,"column":150}},"6":{"start":{"line":4,"column":58},"end":{"line":4,"column":150}},"7":{"start":{"line":4,"column":81},"end":{"line":4,"column":150}},"8":{"start":{"line":5,"column":4},"end":{"line":5,"column":66}},"9":{"start":{"line":7,"column":0},"end":{"line":9,"column":2}},"10":{"start":{"line":8,"column":4},"end":{"line":8,"column":109}},"11":{"start":{"line":8,"column":79},"end":{"line":8,"column":109}},"12":{"start":{"line":10,"column":0},"end":{"line":31,"column":3}},"13":{"start":{"line":12,"column":4},"end":{"line":29,"column":9}},"14":{"start":{"line":13,"column":8},"end":{"line":15,"column":9}},"15":{"start":{"line":14,"column":12},"end":{"line":14,"column":29}},"16":{"start":{"line":16,"column":8},"end":{"line":22,"column":10}},"17":{"start":{"line":17,"column":12},"end":{"line":21,"column":121}},"18":{"start":{"line":21,"column":43},"end":{"line":21,"column":75}},"19":{"start":{"line":21,"column":96},"end":{"line":21,"column":117}},"20":{"start":{"line":24,"column":8},"end":{"line":27,"column":36}},"21":{"start":{"line":28,"column":8},"end":{"line":28,"column":39}},"22":{"start":{"line":30,"column":4},"end":{"line":30,"column":62}}},"branchMap":{"1":{"line":1,"type":"binary-expr","locations":[{"start":{"line":1,"column":18},"end":{"line":1,"column":22}},{"start":{"line":1,"column":26},"end":{"line":1,"column":41}},{"start":{"line":1,"column":46},"end":{"line":6,"column":1}}]},"2":{"line":2,"type":"cond-expr","locations":[{"start":{"line":2,"column":42},"end":{"line":2,"column":48}},{"start":{"line":2,"column":51},"end":{"line":2,"column":125}}]},"3":{"line":2,"type":"cond-expr","locations":[{"start":{"line":2,"column":67},"end":{"line":2,"column":118}},{"start":{"line":2,"column":121},"end":{"line":2,"column":125}}]},"4":{"line":3,"type":"if","locations":[{"start":{"line":3,"column":4},"end":{"line":3,"column":4}},{"start":{"line":3,"column":4},"end":{"line":3,"column":4}}]},"5":{"line":3,"type":"binary-expr","locations":[{"start":{"line":3,"column":8},"end":{"line":3,"column":35}},{"start":{"line":3,"column":39},"end":{"line":3,"column":77}}]},"6":{"line":4,"type":"if","locations":[{"start":{"line":4,"column":58},"end":{"line":4,"column":58}},{"start":{"line":4,"column":58},"end":{"line":4,"column":58}}]},"7":{"line":4,"type":"binary-expr","locations":[{"start":{"line":4,"column":86},"end":{"line":4,"column":143}},{"start":{"line":4,"column":148},"end":{"line":4,"column":149}}]},"8":{"line":4,"type":"cond-expr","locations":[{"start":{"line":4,"column":94},"end":{"line":4,"column":98}},{"start":{"line":4,"column":101},"end":{"line":4,"column":143}}]},"9":{"line":4,"type":"cond-expr","locations":[{"start":{"line":4,"column":109},"end":{"line":4,"column":126}},{"start":{"line":4,"column":129},"end":{"line":4,"column":143}}]},"10":{"line":5,"type":"binary-expr","locations":[{"start":{"line":5,"column":11},"end":{"line":5,"column":16}},{"start":{"line":5,"column":20},"end":{"line":5,"column":21}},{"start":{"line":5,"column":25},"end":{"line":5,"column":62}}]},"11":{"line":7,"type":"binary-expr","locations":[{"start":{"line":7,"column":18},"end":{"line":7,"column":22}},{"start":{"line":7,"column":26},"end":{"line":7,"column":41}},{"start":{"line":7,"column":46},"end":{"line":9,"column":1}}]},"12":{"line":8,"type":"if","locations":[{"start":{"line":8,"column":4},"end":{"line":8,"column":4}},{"start":{"line":8,"column":4},"end":{"line":8,"column":4}}]},"13":{"line":8,"type":"binary-expr","locations":[{"start":{"line":8,"column":8},"end":{"line":8,"column":35}},{"start":{"line":8,"column":39},"end":{"line":8,"column":77}}]}},"l":{"1":1,"2":1,"3":1,"4":2,"5":1,"7":1,"8":1,"10":1,"12":1,"13":1,"14":1,"16":1,"17":1,"21":1,"24":1,"28":1,"30":1}}}
